# JRE version: OpenJDK Runtime Environment Temurin-21.0.6+7 (21.0.6+7) (build 21.0.6+7-LTS)
# Java VM: OpenJDK 64-Bit Server VM Temurin-21.0.6+7 (21.0.6+7-LTS, mixed mode, sharing, tiered, compressed oops, compressed class ptrs, parallel gc, windows-amd64)
GC Precious Log:
 CardTable entry size: 512
 CPUs: 8 total, 8 available
 Memory: 7971M
 Large Page Support: Disabled
 NUMA Support: Disabled
 Compressed Oops: Enabled (32-bit)
 Alignments: Space 512K, Generation 512K, Heap 2M
 Heap Min Capacity: 100M
 Heap Initial Capacity: 100M
 Heap Max Capacity: 1G
 Pre-touch: Disabled
 Parallel Workers: 8
Heap:
 PSYoungGen      total 20992K, used 4943K [0x00000000eab00000, 0x00000000ece00000, 0x0000000100000000)
  eden space 17920K, 10% used [0x00000000eab00000,0x00000000eacd8ed0,0x00000000ebc80000)
  from space 3072K, 99% used [0x00000000ebc80000,0x00000000ebf7ad30,0x00000000ebf80000)
  to   space 6144K, 0% used [0x00000000ec800000,0x00000000ec800000,0x00000000ece00000)
 ParOldGen       total 68608K, used 44015K [0x00000000c0000000, 0x00000000c4300000, 0x00000000eab00000)
  object space 68608K, 64% used [0x00000000c0000000,0x00000000c2afbe98,0x00000000c4300000)
 Metaspace       used 50915K, committed 52096K, reserved 1114112K
  class space    used 5384K, committed 5888K, reserved 1048576K
GC Heap History (20 events):
Event: 7.715 GC heap after
{Heap after GC invocations=21 (full 2):
 PSYoungGen      total 24064K, used 1981K [0x00000000eab00000, 0x00000000ec480000, 0x0000000100000000)
  eden space 22016K, 0% used [0x00000000eab00000,0x00000000eab00000,0x00000000ec080000)
  from space 2048K, 96% used [0x00000000ec080000,0x00000000ec26f690,0x00000000ec280000)
  to   space 2048K, 0% used [0x00000000ec280000,0x00000000ec280000,0x00000000ec480000)
 ParOldGen       total 68608K, used 29399K [0x00000000c0000000, 0x00000000c4300000, 0x00000000eab00000)
  object space 68608K, 42% used [0x00000000c0000000,0x00000000c1cb5c58,0x00000000c4300000)
 Metaspace       used 38084K, committed 39232K, reserved 1114112K
  class space    used 3863K, committed 4352K, reserved 1048576K
}
Event: 8.808 GC heap before
{Heap before GC invocations=22 (full 2):
 PSYoungGen      total 24064K, used 23997K [0x00000000eab00000, 0x00000000ec480000, 0x0000000100000000)
  eden space 22016K, 100% used [0x00000000eab00000,0x00000000ec080000,0x00000000ec080000)
  from space 2048K, 96% used [0x00000000ec080000,0x00000000ec26f690,0x00000000ec280000)
  to   space 2048K, 0% used [0x00000000ec280000,0x00000000ec280000,0x00000000ec480000)
 ParOldGen       total 68608K, used 29399K [0x00000000c0000000, 0x00000000c4300000, 0x00000000eab00000)
  object space 68608K, 42% used [0x00000000c0000000,0x00000000c1cb5c58,0x00000000c4300000)
 Metaspace       used 38404K, committed 39616K, reserved 1114112K
  class space    used 3901K, committed 4416K, reserved 1048576K
}
Event: 8.812 GC heap after
{Heap after GC invocations=22 (full 2):
 PSYoungGen      total 21504K, used 2048K [0x00000000eab00000, 0x00000000ec980000, 0x0000000100000000)
  eden space 19456K, 0% used [0x00000000eab00000,0x00000000eab00000,0x00000000ebe00000)
  from space 2048K, 100% used [0x00000000ec280000,0x00000000ec480000,0x00000000ec480000)
  to   space 4608K, 0% used [0x00000000ebe00000,0x00000000ebe00000,0x00000000ec280000)
 ParOldGen       total 68608K, used 31252K [0x00000000c0000000, 0x00000000c4300000, 0x00000000eab00000)
  object space 68608K, 45% used [0x00000000c0000000,0x00000000c1e852f8,0x00000000c4300000)
 Metaspace       used 38404K, committed 39616K, reserved 1114112K
  class space    used 3901K, committed 4416K, reserved 1048576K
}
Event: 8.932 GC heap before
{Heap before GC invocations=23 (full 2):
 PSYoungGen      total 21504K, used 21504K [0x00000000eab00000, 0x00000000ec980000, 0x0000000100000000)
  eden space 19456K, 100% used [0x00000000eab00000,0x00000000ebe00000,0x00000000ebe00000)
  from space 2048K, 100% used [0x00000000ec280000,0x00000000ec480000,0x00000000ec480000)
  to   space 4608K, 0% used [0x00000000ebe00000,0x00000000ebe00000,0x00000000ec280000)
 ParOldGen       total 68608K, used 31252K [0x00000000c0000000, 0x00000000c4300000, 0x00000000eab00000)
  object space 68608K, 45% used [0x00000000c0000000,0x00000000c1e852f8,0x00000000c4300000)
 Metaspace       used 38979K, committed 40128K, reserved 1114112K
  class space    used 3964K, committed 4480K, reserved 1048576K
}
Event: 8.936 GC heap after
{Heap after GC invocations=23 (full 2):
 PSYoungGen      total 20992K, used 1472K [0x00000000eab00000, 0x00000000ec300000, 0x0000000100000000)
  eden space 19456K, 0% used [0x00000000eab00000,0x00000000eab00000,0x00000000ebe00000)
  from space 1536K, 95% used [0x00000000ebe00000,0x00000000ebf70000,0x00000000ebf80000)
  to   space 2560K, 0% used [0x00000000ec080000,0x00000000ec080000,0x00000000ec300000)
 ParOldGen       total 68608K, used 33216K [0x00000000c0000000, 0x00000000c4300000, 0x00000000eab00000)
  object space 68608K, 48% used [0x00000000c0000000,0x00000000c2070048,0x00000000c4300000)
 Metaspace       used 38979K, committed 40128K, reserved 1114112K
  class space    used 3964K, committed 4480K, reserved 1048576K
}
Event: 9.078 GC heap before
{Heap before GC invocations=24 (full 2):
 PSYoungGen      total 20992K, used 20925K [0x00000000eab00000, 0x00000000ec300000, 0x0000000100000000)
  eden space 19456K, 99% used [0x00000000eab00000,0x00000000ebdff650,0x00000000ebe00000)
  from space 1536K, 95% used [0x00000000ebe00000,0x00000000ebf70000,0x00000000ebf80000)
  to   space 2560K, 0% used [0x00000000ec080000,0x00000000ec080000,0x00000000ec300000)
 ParOldGen       total 68608K, used 33216K [0x00000000c0000000, 0x00000000c4300000, 0x00000000eab00000)
  object space 68608K, 48% used [0x00000000c0000000,0x00000000c2070048,0x00000000c4300000)
 Metaspace       used 40799K, committed 41984K, reserved 1114112K
  class space    used 4203K, committed 4736K, reserved 1048576K
}
Event: 9.079 GC heap after
{Heap after GC invocations=24 (full 2):
 PSYoungGen      total 20480K, used 637K [0x00000000eab00000, 0x00000000ec180000, 0x0000000100000000)
  eden space 19456K, 0% used [0x00000000eab00000,0x00000000eab00000,0x00000000ebe00000)
  from space 1024K, 62% used [0x00000000ec080000,0x00000000ec11f6d8,0x00000000ec180000)
  to   space 1536K, 0% used [0x00000000ebe80000,0x00000000ebe80000,0x00000000ec000000)
 ParOldGen       total 68608K, used 34536K [0x00000000c0000000, 0x00000000c4300000, 0x00000000eab00000)
  object space 68608K, 50% used [0x00000000c0000000,0x00000000c21ba2e8,0x00000000c4300000)
 Metaspace       used 40799K, committed 41984K, reserved 1114112K
  class space    used 4203K, committed 4736K, reserved 1048576K
}
Event: 9.298 GC heap before
{Heap before GC invocations=25 (full 2):
 PSYoungGen      total 20480K, used 20093K [0x00000000eab00000, 0x00000000ec180000, 0x0000000100000000)
  eden space 19456K, 100% used [0x00000000eab00000,0x00000000ebe00000,0x00000000ebe00000)
  from space 1024K, 62% used [0x00000000ec080000,0x00000000ec11f6d8,0x00000000ec180000)
  to   space 1536K, 0% used [0x00000000ebe80000,0x00000000ebe80000,0x00000000ec000000)
 ParOldGen       total 68608K, used 34536K [0x00000000c0000000, 0x00000000c4300000, 0x00000000eab00000)
  object space 68608K, 50% used [0x00000000c0000000,0x00000000c21ba2e8,0x00000000c4300000)
 Metaspace       used 42584K, committed 43776K, reserved 1114112K
  class space    used 4426K, committed 4928K, reserved 1048576K
}
Event: 9.300 GC heap after
{Heap after GC invocations=25 (full 2):
 PSYoungGen      total 20992K, used 884K [0x00000000eab00000, 0x00000000ec100000, 0x0000000100000000)
  eden space 19456K, 0% used [0x00000000eab00000,0x00000000eab00000,0x00000000ebe00000)
  from space 1536K, 57% used [0x00000000ebe80000,0x00000000ebf5d3e8,0x00000000ec000000)
  to   space 1024K, 0% used [0x00000000ec000000,0x00000000ec000000,0x00000000ec100000)
 ParOldGen       total 68608K, used 34995K [0x00000000c0000000, 0x00000000c4300000, 0x00000000eab00000)
  object space 68608K, 51% used [0x00000000c0000000,0x00000000c222cfc8,0x00000000c4300000)
 Metaspace       used 42584K, committed 43776K, reserved 1114112K
  class space    used 4426K, committed 4928K, reserved 1048576K
}
Event: 9.468 GC heap before
{Heap before GC invocations=26 (full 2):
 PSYoungGen      total 20992K, used 20340K [0x00000000eab00000, 0x00000000ec100000, 0x0000000100000000)
  eden space 19456K, 100% used [0x00000000eab00000,0x00000000ebe00000,0x00000000ebe00000)
  from space 1536K, 57% used [0x00000000ebe80000,0x00000000ebf5d3e8,0x00000000ec000000)
  to   space 1024K, 0% used [0x00000000ec000000,0x00000000ec000000,0x00000000ec100000)
 ParOldGen       total 68608K, used 34995K [0x00000000c0000000, 0x00000000c4300000, 0x00000000eab00000)
  object space 68608K, 51% used [0x00000000c0000000,0x00000000c222cfc8,0x00000000c4300000)
 Metaspace       used 43992K, committed 45184K, reserved 1114112K
  class space    used 4621K, committed 5120K, reserved 1048576K
}
Event: 9.470 GC heap after
{Heap after GC invocations=26 (full 2):
 PSYoungGen      total 20480K, used 704K [0x00000000eab00000, 0x00000000ec100000, 0x0000000100000000)
  eden space 19456K, 0% used [0x00000000eab00000,0x00000000eab00000,0x00000000ebe00000)
  from space 1024K, 68% used [0x00000000ec000000,0x00000000ec0b0000,0x00000000ec100000)
  to   space 1024K, 0% used [0x00000000ebf00000,0x00000000ebf00000,0x00000000ec000000)
 ParOldGen       total 68608K, used 35677K [0x00000000c0000000, 0x00000000c4300000, 0x00000000eab00000)
  object space 68608K, 52% used [0x00000000c0000000,0x00000000c22d7580,0x00000000c4300000)
 Metaspace       used 43992K, committed 45184K, reserved 1114112K
  class space    used 4621K, committed 5120K, reserved 1048576K
}
Event: 9.721 GC heap before
{Heap before GC invocations=27 (full 2):
 PSYoungGen      total 20480K, used 20160K [0x00000000eab00000, 0x00000000ec100000, 0x0000000100000000)
  eden space 19456K, 100% used [0x00000000eab00000,0x00000000ebe00000,0x00000000ebe00000)
  from space 1024K, 68% used [0x00000000ec000000,0x00000000ec0b0000,0x00000000ec100000)
  to   space 1024K, 0% used [0x00000000ebf00000,0x00000000ebf00000,0x00000000ec000000)
 ParOldGen       total 68608K, used 35677K [0x00000000c0000000, 0x00000000c4300000, 0x00000000eab00000)
  object space 68608K, 52% used [0x00000000c0000000,0x00000000c22d7580,0x00000000c4300000)
 Metaspace       used 45584K, committed 46784K, reserved 1114112K
  class space    used 4805K, committed 5312K, reserved 1048576K
}
Event: 9.723 GC heap after
{Heap after GC invocations=27 (full 2):
 PSYoungGen      total 20480K, used 800K [0x00000000eab00000, 0x00000000ec080000, 0x0000000100000000)
  eden space 19456K, 0% used [0x00000000eab00000,0x00000000eab00000,0x00000000ebe00000)
  from space 1024K, 78% used [0x00000000ebf00000,0x00000000ebfc8000,0x00000000ec000000)
  to   space 512K, 0% used [0x00000000ec000000,0x00000000ec000000,0x00000000ec080000)
 ParOldGen       total 68608K, used 36181K [0x00000000c0000000, 0x00000000c4300000, 0x00000000eab00000)
  object space 68608K, 52% used [0x00000000c0000000,0x00000000c2355580,0x00000000c4300000)
 Metaspace       used 45584K, committed 46784K, reserved 1114112K
  class space    used 4805K, committed 5312K, reserved 1048576K
}
Event: 9.955 GC heap before
{Heap before GC invocations=28 (full 2):
 PSYoungGen      total 20480K, used 20255K [0x00000000eab00000, 0x00000000ec080000, 0x0000000100000000)
  eden space 19456K, 99% used [0x00000000eab00000,0x00000000ebdfffd0,0x00000000ebe00000)
  from space 1024K, 78% used [0x00000000ebf00000,0x00000000ebfc8000,0x00000000ec000000)
  to   space 512K, 0% used [0x00000000ec000000,0x00000000ec000000,0x00000000ec080000)
 ParOldGen       total 68608K, used 36181K [0x00000000c0000000, 0x00000000c4300000, 0x00000000eab00000)
  object space 68608K, 52% used [0x00000000c0000000,0x00000000c2355580,0x00000000c4300000)
 Metaspace       used 47513K, committed 48640K, reserved 1114112K
  class space    used 5017K, committed 5504K, reserved 1048576K
}
Event: 9.957 GC heap after
{Heap after GC invocations=28 (full 2):
 PSYoungGen      total 18432K, used 507K [0x00000000eab00000, 0x00000000ec500000, 0x0000000100000000)
  eden space 17920K, 0% used [0x00000000eab00000,0x00000000eab00000,0x00000000ebc80000)
  from space 512K, 99% used [0x00000000ec000000,0x00000000ec07ece8,0x00000000ec080000)
  to   space 3584K, 0% used [0x00000000ebc80000,0x00000000ebc80000,0x00000000ec000000)
 ParOldGen       total 68608K, used 38765K [0x00000000c0000000, 0x00000000c4300000, 0x00000000eab00000)
  object space 68608K, 56% used [0x00000000c0000000,0x00000000c25db688,0x00000000c4300000)
 Metaspace       used 47513K, committed 48640K, reserved 1114112K
  class space    used 5017K, committed 5504K, reserved 1048576K
}
Event: 10.104 GC heap before
{Heap before GC invocations=29 (full 2):
 PSYoungGen      total 18432K, used 18427K [0x00000000eab00000, 0x00000000ec500000, 0x0000000100000000)
  eden space 17920K, 100% used [0x00000000eab00000,0x00000000ebc80000,0x00000000ebc80000)
  from space 512K, 99% used [0x00000000ec000000,0x00000000ec07ece8,0x00000000ec080000)
  to   space 3584K, 0% used [0x00000000ebc80000,0x00000000ebc80000,0x00000000ec000000)
 ParOldGen       total 68608K, used 38765K [0x00000000c0000000, 0x00000000c4300000, 0x00000000eab00000)
  object space 68608K, 56% used [0x00000000c0000000,0x00000000c25db688,0x00000000c4300000)
 Metaspace       used 48744K, committed 49920K, reserved 1114112K
  class space    used 5144K, committed 5632K, reserved 1048576K
}
Event: 10.107 GC heap after
{Heap after GC invocations=29 (full 2):
 PSYoungGen      total 20992K, used 2655K [0x00000000eab00000, 0x00000000ec280000, 0x0000000100000000)
  eden space 17920K, 0% used [0x00000000eab00000,0x00000000eab00000,0x00000000ebc80000)
  from space 3072K, 86% used [0x00000000ebc80000,0x00000000ebf17f28,0x00000000ebf80000)
  to   space 3072K, 0% used [0x00000000ebf80000,0x00000000ebf80000,0x00000000ec280000)
 ParOldGen       total 68608K, used 39251K [0x00000000c0000000, 0x00000000c4300000, 0x00000000eab00000)
  object space 68608K, 57% used [0x00000000c0000000,0x00000000c2654cf0,0x00000000c4300000)
 Metaspace       used 48744K, committed 49920K, reserved 1114112K
  class space    used 5144K, committed 5632K, reserved 1048576K
}
Event: 10.259 GC heap before
{Heap before GC invocations=30 (full 2):
 PSYoungGen      total 20992K, used 20575K [0x00000000eab00000, 0x00000000ec280000, 0x0000000100000000)
  eden space 17920K, 100% used [0x00000000eab00000,0x00000000ebc80000,0x00000000ebc80000)
  from space 3072K, 86% used [0x00000000ebc80000,0x00000000ebf17f28,0x00000000ebf80000)
  to   space 3072K, 0% used [0x00000000ebf80000,0x00000000ebf80000,0x00000000ec280000)
 ParOldGen       total 68608K, used 39251K [0x00000000c0000000, 0x00000000c4300000, 0x00000000eab00000)
  object space 68608K, 57% used [0x00000000c0000000,0x00000000c2654cf0,0x00000000c4300000)
 Metaspace       used 49836K, committed 51072K, reserved 1114112K
  class space    used 5292K, committed 5824K, reserved 1048576K
}
Event: 10.262 GC heap after
{Heap after GC invocations=30 (full 2):
 PSYoungGen      total 20992K, used 2523K [0x00000000eab00000, 0x00000000ec280000, 0x0000000100000000)
  eden space 17920K, 0% used [0x00000000eab00000,0x00000000eab00000,0x00000000ebc80000)
  from space 3072K, 82% used [0x00000000ebf80000,0x00000000ec1f6e10,0x00000000ec280000)
  to   space 3072K, 0% used [0x00000000ebc80000,0x00000000ebc80000,0x00000000ebf80000)
 ParOldGen       total 68608K, used 41682K [0x00000000c0000000, 0x00000000c4300000, 0x00000000eab00000)
  object space 68608K, 60% used [0x00000000c0000000,0x00000000c28b4be0,0x00000000c4300000)
 Metaspace       used 49836K, committed 51072K, reserved 1114112K
  class space    used 5292K, committed 5824K, reserved 1048576K
}
Event: 10.398 GC heap before
{Heap before GC invocations=31 (full 2):
 PSYoungGen      total 20992K, used 20443K [0x00000000eab00000, 0x00000000ec280000, 0x0000000100000000)
  eden space 17920K, 100% used [0x00000000eab00000,0x00000000ebc80000,0x00000000ebc80000)
  from space 3072K, 82% used [0x00000000ebf80000,0x00000000ec1f6e10,0x00000000ec280000)
  to   space 3072K, 0% used [0x00000000ebc80000,0x00000000ebc80000,0x00000000ebf80000)
 ParOldGen       total 68608K, used 41682K [0x00000000c0000000, 0x00000000c4300000, 0x00000000eab00000)
  object space 68608K, 60% used [0x00000000c0000000,0x00000000c28b4be0,0x00000000c4300000)
 Metaspace       used 50668K, committed 51840K, reserved 1114112K
  class space    used 5367K, committed 5888K, reserved 1048576K
}

