# JRE version: OpenJDK Runtime Environment Temurin-21.0.6+7 (21.0.6+7) (build 21.0.6+7-LTS)
# Java VM: OpenJDK 64-Bit Server VM Temurin-21.0.6+7 (21.0.6+7-LTS, mixed mode, sharing, tiered, compressed oops, compressed class ptrs, parallel gc, windows-amd64)
GC Precious Log:
 CardTable entry size: 512
 CPUs: 8 total, 8 available
 Memory: 7971M
 Large Page Support: Disabled
 NUMA Support: Disabled
 Compressed Oops: Enabled (32-bit)
 Alignments: Space 512K, Generation 512K, Heap 2M
 Heap Min Capacity: 100M
 Heap Initial Capacity: 100M
 Heap Max Capacity: 1G
 Pre-touch: Disabled
 Parallel Workers: 8
Heap:
 PSYoungGen      total 3072K, used 2808K [0x00000000eab00000, 0x00000000eaf80000, 0x0000000100000000)
  eden space 2560K, 97% used [0x00000000eab00000,0x00000000ead6e340,0x00000000ead80000)
  from space 512K, 62% used [0x00000000eaf00000,0x00000000eaf50000,0x00000000eaf80000)
  to   space 512K, 0% used [0x00000000eae80000,0x00000000eae80000,0x00000000eaf00000)
 ParOldGen       total 428032K, used 427603K [0x00000000c0000000, 0x00000000da200000, 0x00000000eab00000)
  object space 428032K, 99% used [0x00000000c0000000,0x00000000da194e68,0x00000000da200000)
 Metaspace       used 86611K, committed 88192K, reserved 1179648K
  class space    used 8443K, committed 9216K, reserved 1048576K
GC Heap History (20 events):
Event: 1067.671 GC heap before
{Heap before GC invocations=2100 (full 6):
 PSYoungGen      total 3584K, used 3584K [0x00000000eab00000, 0x00000000eb000000, 0x0000000100000000)
  eden space 3072K, 100% used [0x00000000eab00000,0x00000000eae00000,0x00000000eae00000)
  from space 512K, 100% used [0x00000000eaf00000,0x00000000eaf80000,0x00000000eaf80000)
  to   space 1024K, 0% used [0x00000000eae00000,0x00000000eae00000,0x00000000eaf00000)
 ParOldGen       total 415744K, used 415494K [0x00000000c0000000, 0x00000000d9600000, 0x00000000eab00000)
  object space 415744K, 99% used [0x00000000c0000000,0x00000000d95c18c8,0x00000000d9600000)
 Metaspace       used 86599K, committed 88192K, reserved 1179648K
  class space    used 8443K, committed 9216K, reserved 1048576K
}
Event: 1067.672 GC heap after
{Heap after GC invocations=2100 (full 6):
 PSYoungGen      total 4096K, used 224K [0x00000000eab00000, 0x00000000eaf80000, 0x0000000100000000)
  eden space 3072K, 0% used [0x00000000eab00000,0x00000000eab00000,0x00000000eae00000)
  from space 1024K, 21% used [0x00000000eae00000,0x00000000eae38000,0x00000000eaf00000)
  to   space 512K, 0% used [0x00000000eaf00000,0x00000000eaf00000,0x00000000eaf80000)
 ParOldGen       total 415744K, used 415502K [0x00000000c0000000, 0x00000000d9600000, 0x00000000eab00000)
  object space 415744K, 99% used [0x00000000c0000000,0x00000000d95c38c8,0x00000000d9600000)
 Metaspace       used 86599K, committed 88192K, reserved 1179648K
  class space    used 8443K, committed 9216K, reserved 1048576K
}
Event: 1068.003 GC heap before
{Heap before GC invocations=2101 (full 6):
 PSYoungGen      total 4096K, used 3296K [0x00000000eab00000, 0x00000000eaf80000, 0x0000000100000000)
  eden space 3072K, 100% used [0x00000000eab00000,0x00000000eae00000,0x00000000eae00000)
  from space 1024K, 21% used [0x00000000eae00000,0x00000000eae38000,0x00000000eaf00000)
  to   space 512K, 0% used [0x00000000eaf00000,0x00000000eaf00000,0x00000000eaf80000)
 ParOldGen       total 415744K, used 415502K [0x00000000c0000000, 0x00000000d9600000, 0x00000000eab00000)
  object space 415744K, 99% used [0x00000000c0000000,0x00000000d95c38c8,0x00000000d9600000)
 Metaspace       used 86602K, committed 88192K, reserved 1179648K
  class space    used 8443K, committed 9216K, reserved 1048576K
}
Event: 1068.005 GC heap after
{Heap after GC invocations=2101 (full 6):
 PSYoungGen      total 3072K, used 501K [0x00000000eab00000, 0x00000000eb100000, 0x0000000100000000)
  eden space 2560K, 0% used [0x00000000eab00000,0x00000000eab00000,0x00000000ead80000)
  from space 512K, 98% used [0x00000000eaf00000,0x00000000eaf7d760,0x00000000eaf80000)
  to   space 1536K, 0% used [0x00000000ead80000,0x00000000ead80000,0x00000000eaf00000)
 ParOldGen       total 416256K, used 415940K [0x00000000c0000000, 0x00000000d9680000, 0x00000000eab00000)
  object space 416256K, 99% used [0x00000000c0000000,0x00000000d9631028,0x00000000d9680000)
 Metaspace       used 86602K, committed 88192K, reserved 1179648K
  class space    used 8443K, committed 9216K, reserved 1048576K
}
Event: 1068.010 GC heap before
{Heap before GC invocations=2102 (full 6):
 PSYoungGen      total 3072K, used 3061K [0x00000000eab00000, 0x00000000eb100000, 0x0000000100000000)
  eden space 2560K, 100% used [0x00000000eab00000,0x00000000ead80000,0x00000000ead80000)
  from space 512K, 98% used [0x00000000eaf00000,0x00000000eaf7d760,0x00000000eaf80000)
  to   space 1536K, 0% used [0x00000000ead80000,0x00000000ead80000,0x00000000eaf00000)
 ParOldGen       total 416256K, used 415940K [0x00000000c0000000, 0x00000000d9680000, 0x00000000eab00000)
  object space 416256K, 99% used [0x00000000c0000000,0x00000000d9631028,0x00000000d9680000)
 Metaspace       used 86602K, committed 88192K, reserved 1179648K
  class space    used 8443K, committed 9216K, reserved 1048576K
}
Event: 1068.013 GC heap after
{Heap after GC invocations=2102 (full 6):
 PSYoungGen      total 4096K, used 1536K [0x00000000eab00000, 0x00000000eb480000, 0x0000000100000000)
  eden space 2560K, 0% used [0x00000000eab00000,0x00000000eab00000,0x00000000ead80000)
  from space 1536K, 100% used [0x00000000ead80000,0x00000000eaf00000,0x00000000eaf00000)
  to   space 3584K, 0% used [0x00000000eb100000,0x00000000eb100000,0x00000000eb480000)
 ParOldGen       total 417792K, used 417449K [0x00000000c0000000, 0x00000000d9800000, 0x00000000eab00000)
  object space 417792K, 99% used [0x00000000c0000000,0x00000000d97aa798,0x00000000d9800000)
 Metaspace       used 86602K, committed 88192K, reserved 1179648K
  class space    used 8443K, committed 9216K, reserved 1048576K
}
Event: 1068.020 GC heap before
{Heap before GC invocations=2103 (full 6):
 PSYoungGen      total 4096K, used 4096K [0x00000000eab00000, 0x00000000eb480000, 0x0000000100000000)
  eden space 2560K, 100% used [0x00000000eab00000,0x00000000ead80000,0x00000000ead80000)
  from space 1536K, 100% used [0x00000000ead80000,0x00000000eaf00000,0x00000000eaf00000)
  to   space 3584K, 0% used [0x00000000eb100000,0x00000000eb100000,0x00000000eb480000)
 ParOldGen       total 417792K, used 417449K [0x00000000c0000000, 0x00000000d9800000, 0x00000000eab00000)
  object space 417792K, 99% used [0x00000000c0000000,0x00000000d97aa798,0x00000000d9800000)
 Metaspace       used 86602K, committed 88192K, reserved 1179648K
  class space    used 8443K, committed 9216K, reserved 1048576K
}
Event: 1068.025 GC heap after
{Heap after GC invocations=2103 (full 6):
 PSYoungGen      total 5120K, used 2408K [0x00000000eab00000, 0x00000000eb380000, 0x0000000100000000)
  eden space 2560K, 0% used [0x00000000eab00000,0x00000000eab00000,0x00000000ead80000)
  from space 2560K, 94% used [0x00000000eb100000,0x00000000eb35a000,0x00000000eb380000)
  to   space 3072K, 0% used [0x00000000ead80000,0x00000000ead80000,0x00000000eb080000)
 ParOldGen       total 419328K, used 419025K [0x00000000c0000000, 0x00000000d9980000, 0x00000000eab00000)
  object space 419328K, 99% used [0x00000000c0000000,0x00000000d9934798,0x00000000d9980000)
 Metaspace       used 86602K, committed 88192K, reserved 1179648K
  class space    used 8443K, committed 9216K, reserved 1048576K
}
Event: 1068.050 GC heap before
{Heap before GC invocations=2104 (full 6):
 PSYoungGen      total 5120K, used 4968K [0x00000000eab00000, 0x00000000eb380000, 0x0000000100000000)
  eden space 2560K, 100% used [0x00000000eab00000,0x00000000ead80000,0x00000000ead80000)
  from space 2560K, 94% used [0x00000000eb100000,0x00000000eb35a000,0x00000000eb380000)
  to   space 3072K, 0% used [0x00000000ead80000,0x00000000ead80000,0x00000000eb080000)
 ParOldGen       total 419328K, used 419025K [0x00000000c0000000, 0x00000000d9980000, 0x00000000eab00000)
  object space 419328K, 99% used [0x00000000c0000000,0x00000000d9934798,0x00000000d9980000)
 Metaspace       used 86602K, committed 88192K, reserved 1179648K
  class space    used 8443K, committed 9216K, reserved 1048576K
}
Event: 1068.054 GC heap after
{Heap after GC invocations=2104 (full 6):
 PSYoungGen      total 5120K, used 2339K [0x00000000eab00000, 0x00000000eb280000, 0x0000000100000000)
  eden space 2560K, 0% used [0x00000000eab00000,0x00000000eab00000,0x00000000ead80000)
  from space 2560K, 91% used [0x00000000ead80000,0x00000000eafc8d30,0x00000000eb000000)
  to   space 2560K, 0% used [0x00000000eb000000,0x00000000eb000000,0x00000000eb280000)
 ParOldGen       total 421376K, used 421233K [0x00000000c0000000, 0x00000000d9b80000, 0x00000000eab00000)
  object space 421376K, 99% used [0x00000000c0000000,0x00000000d9b5c798,0x00000000d9b80000)
 Metaspace       used 86602K, committed 88192K, reserved 1179648K
  class space    used 8443K, committed 9216K, reserved 1048576K
}
Event: 1068.064 GC heap before
{Heap before GC invocations=2105 (full 6):
 PSYoungGen      total 5120K, used 4860K [0x00000000eab00000, 0x00000000eb280000, 0x0000000100000000)
  eden space 2560K, 98% used [0x00000000eab00000,0x00000000ead76368,0x00000000ead80000)
  from space 2560K, 91% used [0x00000000ead80000,0x00000000eafc8d30,0x00000000eb000000)
  to   space 2560K, 0% used [0x00000000eb000000,0x00000000eb000000,0x00000000eb280000)
 ParOldGen       total 421376K, used 421233K [0x00000000c0000000, 0x00000000d9b80000, 0x00000000eab00000)
  object space 421376K, 99% used [0x00000000c0000000,0x00000000d9b5c798,0x00000000d9b80000)
 Metaspace       used 86602K, committed 88192K, reserved 1179648K
  class space    used 8443K, committed 9216K, reserved 1048576K
}
Event: 1068.067 GC heap after
{Heap after GC invocations=2105 (full 6):
 PSYoungGen      total 5120K, used 2416K [0x00000000eab00000, 0x00000000eb280000, 0x0000000100000000)
  eden space 2560K, 0% used [0x00000000eab00000,0x00000000eab00000,0x00000000ead80000)
  from space 2560K, 94% used [0x00000000eb000000,0x00000000eb25c000,0x00000000eb280000)
  to   space 2560K, 0% used [0x00000000ead80000,0x00000000ead80000,0x00000000eb000000)
 ParOldGen       total 423936K, used 423606K [0x00000000c0000000, 0x00000000d9e00000, 0x00000000eab00000)
  object space 423936K, 99% used [0x00000000c0000000,0x00000000d9dadb60,0x00000000d9e00000)
 Metaspace       used 86602K, committed 88192K, reserved 1179648K
  class space    used 8443K, committed 9216K, reserved 1048576K
}
Event: 1068.081 GC heap before
{Heap before GC invocations=2106 (full 6):
 PSYoungGen      total 5120K, used 4976K [0x00000000eab00000, 0x00000000eb280000, 0x0000000100000000)
  eden space 2560K, 100% used [0x00000000eab00000,0x00000000ead80000,0x00000000ead80000)
  from space 2560K, 94% used [0x00000000eb000000,0x00000000eb25c000,0x00000000eb280000)
  to   space 2560K, 0% used [0x00000000ead80000,0x00000000ead80000,0x00000000eb000000)
 ParOldGen       total 423936K, used 423606K [0x00000000c0000000, 0x00000000d9e00000, 0x00000000eab00000)
  object space 423936K, 99% used [0x00000000c0000000,0x00000000d9dadb60,0x00000000d9e00000)
 Metaspace       used 86605K, committed 88192K, reserved 1179648K
  class space    used 8443K, committed 9216K, reserved 1048576K
}
Event: 1068.084 GC heap after
{Heap after GC invocations=2106 (full 6):
 PSYoungGen      total 4096K, used 1280K [0x00000000eab00000, 0x00000000eb180000, 0x0000000100000000)
  eden space 2560K, 0% used [0x00000000eab00000,0x00000000eab00000,0x00000000ead80000)
  from space 1536K, 83% used [0x00000000ead80000,0x00000000eaec0000,0x00000000eaf00000)
  to   space 2048K, 0% used [0x00000000eaf80000,0x00000000eaf80000,0x00000000eb180000)
 ParOldGen       total 425984K, used 425886K [0x00000000c0000000, 0x00000000da000000, 0x00000000eab00000)
  object space 425984K, 99% used [0x00000000c0000000,0x00000000d9fe7b60,0x00000000da000000)
 Metaspace       used 86605K, committed 88192K, reserved 1179648K
  class space    used 8443K, committed 9216K, reserved 1048576K
}
Event: 1068.114 GC heap before
{Heap before GC invocations=2107 (full 6):
 PSYoungGen      total 4096K, used 3840K [0x00000000eab00000, 0x00000000eb180000, 0x0000000100000000)
  eden space 2560K, 100% used [0x00000000eab00000,0x00000000ead80000,0x00000000ead80000)
  from space 1536K, 83% used [0x00000000ead80000,0x00000000eaec0000,0x00000000eaf00000)
  to   space 2048K, 0% used [0x00000000eaf80000,0x00000000eaf80000,0x00000000eb180000)
 ParOldGen       total 425984K, used 425886K [0x00000000c0000000, 0x00000000da000000, 0x00000000eab00000)
  object space 425984K, 99% used [0x00000000c0000000,0x00000000d9fe7b60,0x00000000da000000)
 Metaspace       used 86605K, committed 88192K, reserved 1179648K
  class space    used 8443K, committed 9216K, reserved 1048576K
}
Event: 1068.116 GC heap after
{Heap after GC invocations=2107 (full 6):
 PSYoungGen      total 3584K, used 768K [0x00000000eab00000, 0x00000000eb080000, 0x0000000100000000)
  eden space 2560K, 0% used [0x00000000eab00000,0x00000000eab00000,0x00000000ead80000)
  from space 1024K, 75% used [0x00000000eaf80000,0x00000000eb040000,0x00000000eb080000)
  to   space 1536K, 0% used [0x00000000ead80000,0x00000000ead80000,0x00000000eaf00000)
 ParOldGen       total 427008K, used 426678K [0x00000000c0000000, 0x00000000da100000, 0x00000000eab00000)
  object space 427008K, 99% used [0x00000000c0000000,0x00000000da0adb60,0x00000000da100000)
 Metaspace       used 86605K, committed 88192K, reserved 1179648K
  class space    used 8443K, committed 9216K, reserved 1048576K
}
Event: 1068.251 GC heap before
{Heap before GC invocations=2108 (full 6):
 PSYoungGen      total 3584K, used 3328K [0x00000000eab00000, 0x00000000eb080000, 0x0000000100000000)
  eden space 2560K, 100% used [0x00000000eab00000,0x00000000ead80000,0x00000000ead80000)
  from space 1024K, 75% used [0x00000000eaf80000,0x00000000eb040000,0x00000000eb080000)
  to   space 1536K, 0% used [0x00000000ead80000,0x00000000ead80000,0x00000000eaf00000)
 ParOldGen       total 427008K, used 426678K [0x00000000c0000000, 0x00000000da100000, 0x00000000eab00000)
  object space 427008K, 99% used [0x00000000c0000000,0x00000000da0adb60,0x00000000da100000)
 Metaspace       used 86605K, committed 88192K, reserved 1179648K
  class space    used 8443K, committed 9216K, reserved 1048576K
}
Event: 1068.254 GC heap after
{Heap after GC invocations=2108 (full 6):
 PSYoungGen      total 4096K, used 624K [0x00000000eab00000, 0x00000000eb000000, 0x0000000100000000)
  eden space 2560K, 0% used [0x00000000eab00000,0x00000000eab00000,0x00000000ead80000)
  from space 1536K, 40% used [0x00000000ead80000,0x00000000eae1c010,0x00000000eaf00000)
  to   space 1024K, 0% used [0x00000000eaf00000,0x00000000eaf00000,0x00000000eb000000)
 ParOldGen       total 427520K, used 427299K [0x00000000c0000000, 0x00000000da180000, 0x00000000eab00000)
  object space 427520K, 99% used [0x00000000c0000000,0x00000000da148e68,0x00000000da180000)
 Metaspace       used 86605K, committed 88192K, reserved 1179648K
  class space    used 8443K, committed 9216K, reserved 1048576K
}
Event: 1068.389 GC heap before
{Heap before GC invocations=2109 (full 6):
 PSYoungGen      total 4096K, used 3184K [0x00000000eab00000, 0x00000000eb000000, 0x0000000100000000)
  eden space 2560K, 100% used [0x00000000eab00000,0x00000000ead80000,0x00000000ead80000)
  from space 1536K, 40% used [0x00000000ead80000,0x00000000eae1c010,0x00000000eaf00000)
  to   space 1024K, 0% used [0x00000000eaf00000,0x00000000eaf00000,0x00000000eb000000)
 ParOldGen       total 427520K, used 427299K [0x00000000c0000000, 0x00000000da180000, 0x00000000eab00000)
  object space 427520K, 99% used [0x00000000c0000000,0x00000000da148e68,0x00000000da180000)
 Metaspace       used 86611K, committed 88192K, reserved 1179648K
  class space    used 8443K, committed 9216K, reserved 1048576K
}
Event: 1068.391 GC heap after
{Heap after GC invocations=2109 (full 6):
 PSYoungGen      total 3072K, used 320K [0x00000000eab00000, 0x00000000eaf80000, 0x0000000100000000)
  eden space 2560K, 0% used [0x00000000eab00000,0x00000000eab00000,0x00000000ead80000)
  from space 512K, 62% used [0x00000000eaf00000,0x00000000eaf50000,0x00000000eaf80000)
  to   space 512K, 0% used [0x00000000eae80000,0x00000000eae80000,0x00000000eaf00000)
 ParOldGen       total 428032K, used 427603K [0x00000000c0000000, 0x00000000da200000, 0x00000000eab00000)
  object space 428032K, 99% used [0x00000000c0000000,0x00000000da194e68,0x00000000da200000)
 Metaspace       used 86611K, committed 88192K, reserved 1179648K
  class space    used 8443K, committed 9216K, reserved 1048576K
}

