# JRE version: OpenJDK Runtime Environment Temurin-21.0.6+7 (21.0.6+7) (build 21.0.6+7-LTS)
# Java VM: OpenJDK 64-Bit Server VM Temurin-21.0.6+7 (21.0.6+7-LTS, mixed mode, sharing, tiered, compressed oops, compressed class ptrs, parallel gc, windows-amd64)
GC Precious Log:
 CardTable entry size: 512
 CPUs: 8 total, 8 available
 Memory: 7971M
 Large Page Support: Disabled
 NUMA Support: Disabled
 Compressed Oops: Enabled (32-bit)
 Alignments: Space 512K, Generation 512K, Heap 2M
 Heap Min Capacity: 100M
 Heap Initial Capacity: 100M
 Heap Max Capacity: 1G
 Pre-touch: Disabled
 Parallel Workers: 8
Heap:
 PSYoungGen      total 3072K, used 2008K [0x00000000eab00000, 0x00000000eaf80000, 0x0000000100000000)
  eden space 2560K, 68% used [0x00000000eab00000,0x00000000eacb62b0,0x00000000ead80000)
  from space 512K, 50% used [0x00000000eaf00000,0x00000000eaf40000,0x00000000eaf80000)
  to   space 512K, 0% used [0x00000000eae80000,0x00000000eae80000,0x00000000eaf00000)
 ParOldGen       total 653824K, used 653452K [0x00000000c0000000, 0x00000000e7e80000, 0x00000000eab00000)
  object space 653824K, 99% used [0x00000000c0000000,0x00000000e7e233b8,0x00000000e7e80000)
 Metaspace       used 77259K, committed 78848K, reserved 1179648K
  class space    used 7852K, committed 8512K, reserved 1048576K
GC Heap History (20 events):
Event: 87.013 GC heap before
{Heap before GC invocations=704 (full 3):
 PSYoungGen      total 3584K, used 3514K [0x00000000eab00000, 0x00000000eb480000, 0x0000000100000000)
  eden space 2048K, 98% used [0x00000000eab00000,0x00000000eacf5d90,0x00000000ead00000)
  from space 1536K, 98% used [0x00000000eb080000,0x00000000eb1f8d30,0x00000000eb200000)
  to   space 3584K, 0% used [0x00000000ead00000,0x00000000ead00000,0x00000000eb080000)
 ParOldGen       total 648192K, used 648110K [0x00000000c0000000, 0x00000000e7900000, 0x00000000eab00000)
  object space 648192K, 99% used [0x00000000c0000000,0x00000000e78ebb48,0x00000000e7900000)
 Metaspace       used 77151K, committed 78656K, reserved 1179648K
  class space    used 7852K, committed 8512K, reserved 1048576K
}
Event: 87.016 GC heap after
{Heap after GC invocations=704 (full 3):
 PSYoungGen      total 4096K, used 1600K [0x00000000eab00000, 0x00000000eb100000, 0x0000000100000000)
  eden space 2048K, 0% used [0x00000000eab00000,0x00000000eab00000,0x00000000ead00000)
  from space 2048K, 78% used [0x00000000ead00000,0x00000000eae90000,0x00000000eaf00000)
  to   space 2048K, 0% used [0x00000000eaf00000,0x00000000eaf00000,0x00000000eb100000)
 ParOldGen       total 650240K, used 649795K [0x00000000c0000000, 0x00000000e7b00000, 0x00000000eab00000)
  object space 650240K, 99% used [0x00000000c0000000,0x00000000e7a90f10,0x00000000e7b00000)
 Metaspace       used 77151K, committed 78656K, reserved 1179648K
  class space    used 7852K, committed 8512K, reserved 1048576K
}
Event: 87.025 GC heap before
{Heap before GC invocations=705 (full 3):
 PSYoungGen      total 4096K, used 3648K [0x00000000eab00000, 0x00000000eb100000, 0x0000000100000000)
  eden space 2048K, 100% used [0x00000000eab00000,0x00000000ead00000,0x00000000ead00000)
  from space 2048K, 78% used [0x00000000ead00000,0x00000000eae90000,0x00000000eaf00000)
  to   space 2048K, 0% used [0x00000000eaf00000,0x00000000eaf00000,0x00000000eb100000)
 ParOldGen       total 650240K, used 649795K [0x00000000c0000000, 0x00000000e7b00000, 0x00000000eab00000)
  object space 650240K, 99% used [0x00000000c0000000,0x00000000e7a90f10,0x00000000e7b00000)
 Metaspace       used 77154K, committed 78656K, reserved 1179648K
  class space    used 7852K, committed 8512K, reserved 1048576K
}
Event: 87.029 GC heap after
{Heap after GC invocations=705 (full 3):
 PSYoungGen      total 4096K, used 1216K [0x00000000eab00000, 0x00000000eb080000, 0x0000000100000000)
  eden space 2560K, 0% used [0x00000000eab00000,0x00000000eab00000,0x00000000ead80000)
  from space 1536K, 79% used [0x00000000eaf00000,0x00000000eb030000,0x00000000eb080000)
  to   space 1536K, 0% used [0x00000000ead80000,0x00000000ead80000,0x00000000eaf00000)
 ParOldGen       total 651264K, used 651057K [0x00000000c0000000, 0x00000000e7c00000, 0x00000000eab00000)
  object space 651264K, 99% used [0x00000000c0000000,0x00000000e7bcc488,0x00000000e7c00000)
 Metaspace       used 77154K, committed 78656K, reserved 1179648K
  class space    used 7852K, committed 8512K, reserved 1048576K
}
Event: 87.063 GC heap before
{Heap before GC invocations=706 (full 3):
 PSYoungGen      total 4096K, used 3776K [0x00000000eab00000, 0x00000000eb080000, 0x0000000100000000)
  eden space 2560K, 100% used [0x00000000eab00000,0x00000000ead80000,0x00000000ead80000)
  from space 1536K, 79% used [0x00000000eaf00000,0x00000000eb030000,0x00000000eb080000)
  to   space 1536K, 0% used [0x00000000ead80000,0x00000000ead80000,0x00000000eaf00000)
 ParOldGen       total 651264K, used 651057K [0x00000000c0000000, 0x00000000e7c00000, 0x00000000eab00000)
  object space 651264K, 99% used [0x00000000c0000000,0x00000000e7bcc488,0x00000000e7c00000)
 Metaspace       used 77163K, committed 78656K, reserved 1179648K
  class space    used 7852K, committed 8512K, reserved 1048576K
}
Event: 87.066 GC heap after
{Heap after GC invocations=706 (full 3):
 PSYoungGen      total 4096K, used 960K [0x00000000eab00000, 0x00000000eb080000, 0x0000000100000000)
  eden space 2560K, 0% used [0x00000000eab00000,0x00000000eab00000,0x00000000ead80000)
  from space 1536K, 62% used [0x00000000ead80000,0x00000000eae70000,0x00000000eaf00000)
  to   space 1536K, 0% used [0x00000000eaf00000,0x00000000eaf00000,0x00000000eb080000)
 ParOldGen       total 652288K, used 652133K [0x00000000c0000000, 0x00000000e7d00000, 0x00000000eab00000)
  object space 652288K, 99% used [0x00000000c0000000,0x00000000e7cd9498,0x00000000e7d00000)
 Metaspace       used 77163K, committed 78656K, reserved 1179648K
  class space    used 7852K, committed 8512K, reserved 1048576K
}
Event: 87.193 GC heap before
{Heap before GC invocations=707 (full 3):
 PSYoungGen      total 4096K, used 3520K [0x00000000eab00000, 0x00000000eb080000, 0x0000000100000000)
  eden space 2560K, 100% used [0x00000000eab00000,0x00000000ead80000,0x00000000ead80000)
  from space 1536K, 62% used [0x00000000ead80000,0x00000000eae70000,0x00000000eaf00000)
  to   space 1536K, 0% used [0x00000000eaf00000,0x00000000eaf00000,0x00000000eb080000)
 ParOldGen       total 652288K, used 652133K [0x00000000c0000000, 0x00000000e7d00000, 0x00000000eab00000)
  object space 652288K, 99% used [0x00000000c0000000,0x00000000e7cd9498,0x00000000e7d00000)
 Metaspace       used 77172K, committed 78656K, reserved 1179648K
  class space    used 7852K, committed 8512K, reserved 1048576K
}
Event: 87.197 GC heap after
{Heap after GC invocations=707 (full 3):
 PSYoungGen      total 3584K, used 704K [0x00000000eab00000, 0x00000000eb000000, 0x0000000100000000)
  eden space 2560K, 0% used [0x00000000eab00000,0x00000000eab00000,0x00000000ead80000)
  from space 1024K, 68% used [0x00000000eaf00000,0x00000000eafb0000,0x00000000eb000000)
  to   space 1024K, 0% used [0x00000000eae00000,0x00000000eae00000,0x00000000eaf00000)
 ParOldGen       total 653312K, used 652988K [0x00000000c0000000, 0x00000000e7e00000, 0x00000000eab00000)
  object space 653312K, 99% used [0x00000000c0000000,0x00000000e7daf3b8,0x00000000e7e00000)
 Metaspace       used 77172K, committed 78656K, reserved 1179648K
  class space    used 7852K, committed 8512K, reserved 1048576K
}
Event: 87.237 GC heap before
{Heap before GC invocations=708 (full 3):
 PSYoungGen      total 3584K, used 3264K [0x00000000eab00000, 0x00000000eb000000, 0x0000000100000000)
  eden space 2560K, 100% used [0x00000000eab00000,0x00000000ead80000,0x00000000ead80000)
  from space 1024K, 68% used [0x00000000eaf00000,0x00000000eafb0000,0x00000000eb000000)
  to   space 1024K, 0% used [0x00000000eae00000,0x00000000eae00000,0x00000000eaf00000)
 ParOldGen       total 653312K, used 652988K [0x00000000c0000000, 0x00000000e7e00000, 0x00000000eab00000)
  object space 653312K, 99% used [0x00000000c0000000,0x00000000e7daf3b8,0x00000000e7e00000)
 Metaspace       used 77184K, committed 78656K, reserved 1179648K
  class space    used 7852K, committed 8512K, reserved 1048576K
}
Event: 87.239 GC heap after
{Heap after GC invocations=708 (full 3):
 PSYoungGen      total 3584K, used 288K [0x00000000eab00000, 0x00000000eaf80000, 0x0000000100000000)
  eden space 2560K, 0% used [0x00000000eab00000,0x00000000eab00000,0x00000000ead80000)
  from space 1024K, 28% used [0x00000000eae00000,0x00000000eae48000,0x00000000eaf00000)
  to   space 512K, 0% used [0x00000000eaf00000,0x00000000eaf00000,0x00000000eaf80000)
 ParOldGen       total 653312K, used 653260K [0x00000000c0000000, 0x00000000e7e00000, 0x00000000eab00000)
  object space 653312K, 99% used [0x00000000c0000000,0x00000000e7df33b8,0x00000000e7e00000)
 Metaspace       used 77184K, committed 78656K, reserved 1179648K
  class space    used 7852K, committed 8512K, reserved 1048576K
}
Event: 87.346 GC heap before
{Heap before GC invocations=709 (full 3):
 PSYoungGen      total 3584K, used 2848K [0x00000000eab00000, 0x00000000eaf80000, 0x0000000100000000)
  eden space 2560K, 100% used [0x00000000eab00000,0x00000000ead80000,0x00000000ead80000)
  from space 1024K, 28% used [0x00000000eae00000,0x00000000eae48000,0x00000000eaf00000)
  to   space 512K, 0% used [0x00000000eaf00000,0x00000000eaf00000,0x00000000eaf80000)
 ParOldGen       total 653312K, used 653260K [0x00000000c0000000, 0x00000000e7e00000, 0x00000000eab00000)
  object space 653312K, 99% used [0x00000000c0000000,0x00000000e7df33b8,0x00000000e7e00000)
 Metaspace       used 77221K, committed 78720K, reserved 1179648K
  class space    used 7852K, committed 8512K, reserved 1048576K
}
Event: 87.347 GC heap after
{Heap after GC invocations=709 (full 3):
 PSYoungGen      total 3072K, used 192K [0x00000000eab00000, 0x00000000eaf80000, 0x0000000100000000)
  eden space 2560K, 0% used [0x00000000eab00000,0x00000000eab00000,0x00000000ead80000)
  from space 512K, 37% used [0x00000000eaf00000,0x00000000eaf30000,0x00000000eaf80000)
  to   space 512K, 0% used [0x00000000eae80000,0x00000000eae80000,0x00000000eaf00000)
 ParOldGen       total 653824K, used 653316K [0x00000000c0000000, 0x00000000e7e80000, 0x00000000eab00000)
  object space 653824K, 99% used [0x00000000c0000000,0x00000000e7e013b8,0x00000000e7e80000)
 Metaspace       used 77221K, committed 78720K, reserved 1179648K
  class space    used 7852K, committed 8512K, reserved 1048576K
}
Event: 88.386 GC heap before
{Heap before GC invocations=710 (full 3):
 PSYoungGen      total 3072K, used 2752K [0x00000000eab00000, 0x00000000eaf80000, 0x0000000100000000)
  eden space 2560K, 100% used [0x00000000eab00000,0x00000000ead80000,0x00000000ead80000)
  from space 512K, 37% used [0x00000000eaf00000,0x00000000eaf30000,0x00000000eaf80000)
  to   space 512K, 0% used [0x00000000eae80000,0x00000000eae80000,0x00000000eaf00000)
 ParOldGen       total 653824K, used 653316K [0x00000000c0000000, 0x00000000e7e80000, 0x00000000eab00000)
  object space 653824K, 99% used [0x00000000c0000000,0x00000000e7e013b8,0x00000000e7e80000)
 Metaspace       used 77223K, committed 78720K, reserved 1179648K
  class space    used 7852K, committed 8512K, reserved 1048576K
}
Event: 88.388 GC heap after
{Heap after GC invocations=710 (full 3):
 PSYoungGen      total 3072K, used 336K [0x00000000eab00000, 0x00000000eaf80000, 0x0000000100000000)
  eden space 2560K, 0% used [0x00000000eab00000,0x00000000eab00000,0x00000000ead80000)
  from space 512K, 65% used [0x00000000eae80000,0x00000000eaed4010,0x00000000eaf00000)
  to   space 512K, 0% used [0x00000000eaf00000,0x00000000eaf00000,0x00000000eaf80000)
 ParOldGen       total 653824K, used 653340K [0x00000000c0000000, 0x00000000e7e80000, 0x00000000eab00000)
  object space 653824K, 99% used [0x00000000c0000000,0x00000000e7e073b8,0x00000000e7e80000)
 Metaspace       used 77223K, committed 78720K, reserved 1179648K
  class space    used 7852K, committed 8512K, reserved 1048576K
}
Event: 88.899 GC heap before
{Heap before GC invocations=711 (full 3):
 PSYoungGen      total 3072K, used 2893K [0x00000000eab00000, 0x00000000eaf80000, 0x0000000100000000)
  eden space 2560K, 99% used [0x00000000eab00000,0x00000000ead7f6d0,0x00000000ead80000)
  from space 512K, 65% used [0x00000000eae80000,0x00000000eaed4010,0x00000000eaf00000)
  to   space 512K, 0% used [0x00000000eaf00000,0x00000000eaf00000,0x00000000eaf80000)
 ParOldGen       total 653824K, used 653340K [0x00000000c0000000, 0x00000000e7e80000, 0x00000000eab00000)
  object space 653824K, 99% used [0x00000000c0000000,0x00000000e7e073b8,0x00000000e7e80000)
 Metaspace       used 77238K, committed 78784K, reserved 1179648K
  class space    used 7852K, committed 8512K, reserved 1048576K
}
Event: 88.900 GC heap after
{Heap after GC invocations=711 (full 3):
 PSYoungGen      total 3072K, used 224K [0x00000000eab00000, 0x00000000eaf80000, 0x0000000100000000)
  eden space 2560K, 0% used [0x00000000eab00000,0x00000000eab00000,0x00000000ead80000)
  from space 512K, 43% used [0x00000000eaf00000,0x00000000eaf38000,0x00000000eaf80000)
  to   space 512K, 0% used [0x00000000eae80000,0x00000000eae80000,0x00000000eaf00000)
 ParOldGen       total 653824K, used 653340K [0x00000000c0000000, 0x00000000e7e80000, 0x00000000eab00000)
  object space 653824K, 99% used [0x00000000c0000000,0x00000000e7e073b8,0x00000000e7e80000)
 Metaspace       used 77238K, committed 78784K, reserved 1179648K
  class space    used 7852K, committed 8512K, reserved 1048576K
}
Event: 88.913 GC heap before
{Heap before GC invocations=712 (full 3):
 PSYoungGen      total 3072K, used 2784K [0x00000000eab00000, 0x00000000eaf80000, 0x0000000100000000)
  eden space 2560K, 100% used [0x00000000eab00000,0x00000000ead80000,0x00000000ead80000)
  from space 512K, 43% used [0x00000000eaf00000,0x00000000eaf38000,0x00000000eaf80000)
  to   space 512K, 0% used [0x00000000eae80000,0x00000000eae80000,0x00000000eaf00000)
 ParOldGen       total 653824K, used 653340K [0x00000000c0000000, 0x00000000e7e80000, 0x00000000eab00000)
  object space 653824K, 99% used [0x00000000c0000000,0x00000000e7e073b8,0x00000000e7e80000)
 Metaspace       used 77241K, committed 78848K, reserved 1179648K
  class space    used 7852K, committed 8512K, reserved 1048576K
}
Event: 88.915 GC heap after
{Heap after GC invocations=712 (full 3):
 PSYoungGen      total 3072K, used 224K [0x00000000eab00000, 0x00000000eaf80000, 0x0000000100000000)
  eden space 2560K, 0% used [0x00000000eab00000,0x00000000eab00000,0x00000000ead80000)
  from space 512K, 43% used [0x00000000eae80000,0x00000000eaeb8000,0x00000000eaf00000)
  to   space 512K, 0% used [0x00000000eaf00000,0x00000000eaf00000,0x00000000eaf80000)
 ParOldGen       total 653824K, used 653396K [0x00000000c0000000, 0x00000000e7e80000, 0x00000000eab00000)
  object space 653824K, 99% used [0x00000000c0000000,0x00000000e7e153b8,0x00000000e7e80000)
 Metaspace       used 77241K, committed 78848K, reserved 1179648K
  class space    used 7852K, committed 8512K, reserved 1048576K
}
Event: 89.931 GC heap before
{Heap before GC invocations=713 (full 3):
 PSYoungGen      total 3072K, used 2784K [0x00000000eab00000, 0x00000000eaf80000, 0x0000000100000000)
  eden space 2560K, 100% used [0x00000000eab00000,0x00000000ead80000,0x00000000ead80000)
  from space 512K, 43% used [0x00000000eae80000,0x00000000eaeb8000,0x00000000eaf00000)
  to   space 512K, 0% used [0x00000000eaf00000,0x00000000eaf00000,0x00000000eaf80000)
 ParOldGen       total 653824K, used 653396K [0x00000000c0000000, 0x00000000e7e80000, 0x00000000eab00000)
  object space 653824K, 99% used [0x00000000c0000000,0x00000000e7e153b8,0x00000000e7e80000)
 Metaspace       used 77251K, committed 78848K, reserved 1179648K
  class space    used 7852K, committed 8512K, reserved 1048576K
}
Event: 89.932 GC heap after
{Heap after GC invocations=713 (full 3):
 PSYoungGen      total 3072K, used 256K [0x00000000eab00000, 0x00000000eaf80000, 0x0000000100000000)
  eden space 2560K, 0% used [0x00000000eab00000,0x00000000eab00000,0x00000000ead80000)
  from space 512K, 50% used [0x00000000eaf00000,0x00000000eaf40000,0x00000000eaf80000)
  to   space 512K, 0% used [0x00000000eae80000,0x00000000eae80000,0x00000000eaf00000)
 ParOldGen       total 653824K, used 653452K [0x00000000c0000000, 0x00000000e7e80000, 0x00000000eab00000)
  object space 653824K, 99% used [0x00000000c0000000,0x00000000e7e233b8,0x00000000e7e80000)
 Metaspace       used 77251K, committed 78848K, reserved 1179648K
  class space    used 7852K, committed 8512K, reserved 1048576K
}

