# JRE version: OpenJDK Runtime Environment Temurin-21.0.6+7 (21.0.6+7) (build 21.0.6+7-LTS)
# Java VM: OpenJDK 64-Bit Server VM Temurin-21.0.6+7 (21.0.6+7-LTS, mixed mode, sharing, tiered, compressed oops, compressed class ptrs, parallel gc, windows-amd64)
GC Precious Log:
 CardTable entry size: 512
 CPUs: 8 total, 8 available
 Memory: 7971M
 Large Page Support: Disabled
 NUMA Support: Disabled
 Compressed Oops: Enabled (32-bit)
 Alignments: Space 512K, Generation 512K, Heap 2M
 Heap Min Capacity: 100M
 Heap Initial Capacity: 100M
 Heap Max Capacity: 1G
 Pre-touch: Disabled
 Parallel Workers: 8
Heap:
 PSYoungGen      total 23552K, used 13184K [0x00000000eab00000, 0x00000000ec500000, 0x0000000100000000)
  eden space 22528K, 58% used [0x00000000eab00000,0x00000000eb7e02c0,0x00000000ec100000)
  from space 1024K, 0% used [0x00000000ec400000,0x00000000ec400000,0x00000000ec500000)
  to   space 1536K, 0% used [0x00000000ec200000,0x00000000ec200000,0x00000000ec380000)
 ParOldGen       total 68608K, used 20655K [0x00000000c0000000, 0x00000000c4300000, 0x00000000eab00000)
  object space 68608K, 30% used [0x00000000c0000000,0x00000000c142bd90,0x00000000c4300000)
 Metaspace       used 35459K, committed 36544K, reserved 1114112K
  class space    used 3523K, committed 4032K, reserved 1048576K
GC Heap History (20 events):
Event: 3.176 GC heap before
{Heap before GC invocations=7 (full 0):
 PSYoungGen      total 29184K, used 22810K [0x00000000eab00000, 0x00000000ece00000, 0x0000000100000000)
  eden space 24576K, 75% used [0x00000000eab00000,0x00000000ebd191d0,0x00000000ec300000)
  from space 4608K, 92% used [0x00000000ec980000,0x00000000ecdad8e8,0x00000000ece00000)
  to   space 5120K, 0% used [0x00000000ec400000,0x00000000ec400000,0x00000000ec900000)
 ParOldGen       total 68608K, used 8352K [0x00000000c0000000, 0x00000000c4300000, 0x00000000eab00000)
  object space 68608K, 12% used [0x00000000c0000000,0x00000000c0828380,0x00000000c4300000)
 Metaspace       used 20779K, committed 21504K, reserved 1114112K
  class space    used 2103K, committed 2432K, reserved 1048576K
}
Event: 3.181 GC heap after
{Heap after GC invocations=7 (full 0):
 PSYoungGen      total 29184K, used 4103K [0x00000000eab00000, 0x00000000ecc00000, 0x0000000100000000)
  eden space 24576K, 0% used [0x00000000eab00000,0x00000000eab00000,0x00000000ec300000)
  from space 4608K, 89% used [0x00000000ec400000,0x00000000ec801d98,0x00000000ec880000)
  to   space 3584K, 0% used [0x00000000ec880000,0x00000000ec880000,0x00000000ecc00000)
 ParOldGen       total 68608K, used 9573K [0x00000000c0000000, 0x00000000c4300000, 0x00000000eab00000)
  object space 68608K, 13% used [0x00000000c0000000,0x00000000c0959580,0x00000000c4300000)
 Metaspace       used 20779K, committed 21504K, reserved 1114112K
  class space    used 2103K, committed 2432K, reserved 1048576K
}
Event: 3.181 GC heap before
{Heap before GC invocations=8 (full 1):
 PSYoungGen      total 29184K, used 4103K [0x00000000eab00000, 0x00000000ecc00000, 0x0000000100000000)
  eden space 24576K, 0% used [0x00000000eab00000,0x00000000eab00000,0x00000000ec300000)
  from space 4608K, 89% used [0x00000000ec400000,0x00000000ec801d98,0x00000000ec880000)
  to   space 3584K, 0% used [0x00000000ec880000,0x00000000ec880000,0x00000000ecc00000)
 ParOldGen       total 68608K, used 9573K [0x00000000c0000000, 0x00000000c4300000, 0x00000000eab00000)
  object space 68608K, 13% used [0x00000000c0000000,0x00000000c0959580,0x00000000c4300000)
 Metaspace       used 20779K, committed 21504K, reserved 1114112K
  class space    used 2103K, committed 2432K, reserved 1048576K
}
Event: 3.211 GC heap after
{Heap after GC invocations=8 (full 1):
 PSYoungGen      total 29184K, used 0K [0x00000000eab00000, 0x00000000ecc00000, 0x0000000100000000)
  eden space 24576K, 0% used [0x00000000eab00000,0x00000000eab00000,0x00000000ec300000)
  from space 4608K, 0% used [0x00000000ec400000,0x00000000ec400000,0x00000000ec880000)
  to   space 3584K, 0% used [0x00000000ec880000,0x00000000ec880000,0x00000000ecc00000)
 ParOldGen       total 68608K, used 12973K [0x00000000c0000000, 0x00000000c4300000, 0x00000000eab00000)
  object space 68608K, 18% used [0x00000000c0000000,0x00000000c0cab6c0,0x00000000c4300000)
 Metaspace       used 20766K, committed 21504K, reserved 1114112K
  class space    used 2100K, committed 2432K, reserved 1048576K
}
Event: 3.332 GC heap before
{Heap before GC invocations=9 (full 1):
 PSYoungGen      total 29184K, used 24576K [0x00000000eab00000, 0x00000000ecc00000, 0x0000000100000000)
  eden space 24576K, 100% used [0x00000000eab00000,0x00000000ec300000,0x00000000ec300000)
  from space 4608K, 0% used [0x00000000ec400000,0x00000000ec400000,0x00000000ec880000)
  to   space 3584K, 0% used [0x00000000ec880000,0x00000000ec880000,0x00000000ecc00000)
 ParOldGen       total 68608K, used 12973K [0x00000000c0000000, 0x00000000c4300000, 0x00000000eab00000)
  object space 68608K, 18% used [0x00000000c0000000,0x00000000c0cab6c0,0x00000000c4300000)
 Metaspace       used 23481K, committed 24256K, reserved 1114112K
  class space    used 2268K, committed 2560K, reserved 1048576K
}
Event: 3.333 GC heap after
{Heap after GC invocations=9 (full 1):
 PSYoungGen      total 24576K, used 309K [0x00000000eab00000, 0x00000000ec900000, 0x0000000100000000)
  eden space 24064K, 0% used [0x00000000eab00000,0x00000000eab00000,0x00000000ec280000)
  from space 512K, 60% used [0x00000000ec880000,0x00000000ec8cd450,0x00000000ec900000)
  to   space 2048K, 0% used [0x00000000ec500000,0x00000000ec500000,0x00000000ec700000)
 ParOldGen       total 68608K, used 12981K [0x00000000c0000000, 0x00000000c4300000, 0x00000000eab00000)
  object space 68608K, 18% used [0x00000000c0000000,0x00000000c0cad6c0,0x00000000c4300000)
 Metaspace       used 23481K, committed 24256K, reserved 1114112K
  class space    used 2268K, committed 2560K, reserved 1048576K
}
Event: 3.466 GC heap before
{Heap before GC invocations=10 (full 1):
 PSYoungGen      total 24576K, used 24373K [0x00000000eab00000, 0x00000000ec900000, 0x0000000100000000)
  eden space 24064K, 100% used [0x00000000eab00000,0x00000000ec280000,0x00000000ec280000)
  from space 512K, 60% used [0x00000000ec880000,0x00000000ec8cd450,0x00000000ec900000)
  to   space 2048K, 0% used [0x00000000ec500000,0x00000000ec500000,0x00000000ec700000)
 ParOldGen       total 68608K, used 12981K [0x00000000c0000000, 0x00000000c4300000, 0x00000000eab00000)
  object space 68608K, 18% used [0x00000000c0000000,0x00000000c0cad6c0,0x00000000c4300000)
 Metaspace       used 26243K, committed 27008K, reserved 1114112K
  class space    used 2492K, committed 2816K, reserved 1048576K
}
Event: 3.468 GC heap after
{Heap after GC invocations=10 (full 1):
 PSYoungGen      total 25600K, used 1371K [0x00000000eab00000, 0x00000000ec900000, 0x0000000100000000)
  eden space 23552K, 0% used [0x00000000eab00000,0x00000000eab00000,0x00000000ec200000)
  from space 2048K, 66% used [0x00000000ec500000,0x00000000ec656da0,0x00000000ec700000)
  to   space 2048K, 0% used [0x00000000ec700000,0x00000000ec700000,0x00000000ec900000)
 ParOldGen       total 68608K, used 13762K [0x00000000c0000000, 0x00000000c4300000, 0x00000000eab00000)
  object space 68608K, 20% used [0x00000000c0000000,0x00000000c0d70bd0,0x00000000c4300000)
 Metaspace       used 26243K, committed 27008K, reserved 1114112K
  class space    used 2492K, committed 2816K, reserved 1048576K
}
Event: 3.645 GC heap before
{Heap before GC invocations=11 (full 1):
 PSYoungGen      total 25600K, used 24923K [0x00000000eab00000, 0x00000000ec900000, 0x0000000100000000)
  eden space 23552K, 100% used [0x00000000eab00000,0x00000000ec200000,0x00000000ec200000)
  from space 2048K, 66% used [0x00000000ec500000,0x00000000ec656da0,0x00000000ec700000)
  to   space 2048K, 0% used [0x00000000ec700000,0x00000000ec700000,0x00000000ec900000)
 ParOldGen       total 68608K, used 13762K [0x00000000c0000000, 0x00000000c4300000, 0x00000000eab00000)
  object space 68608K, 20% used [0x00000000c0000000,0x00000000c0d70bd0,0x00000000c4300000)
 Metaspace       used 28457K, committed 29312K, reserved 1114112K
  class space    used 2675K, committed 3072K, reserved 1048576K
}
Event: 3.647 GC heap after
{Heap after GC invocations=11 (full 1):
 PSYoungGen      total 25088K, used 2032K [0x00000000eab00000, 0x00000000ec900000, 0x0000000100000000)
  eden space 23040K, 0% used [0x00000000eab00000,0x00000000eab00000,0x00000000ec180000)
  from space 2048K, 99% used [0x00000000ec700000,0x00000000ec8fc048,0x00000000ec900000)
  to   space 3072K, 0% used [0x00000000ec300000,0x00000000ec300000,0x00000000ec600000)
 ParOldGen       total 68608K, used 14122K [0x00000000c0000000, 0x00000000c4300000, 0x00000000eab00000)
  object space 68608K, 20% used [0x00000000c0000000,0x00000000c0dcabd0,0x00000000c4300000)
 Metaspace       used 28457K, committed 29312K, reserved 1114112K
  class space    used 2675K, committed 3072K, reserved 1048576K
}
Event: 4.908 GC heap before
{Heap before GC invocations=12 (full 1):
 PSYoungGen      total 25088K, used 25072K [0x00000000eab00000, 0x00000000ec900000, 0x0000000100000000)
  eden space 23040K, 100% used [0x00000000eab00000,0x00000000ec180000,0x00000000ec180000)
  from space 2048K, 99% used [0x00000000ec700000,0x00000000ec8fc048,0x00000000ec900000)
  to   space 3072K, 0% used [0x00000000ec300000,0x00000000ec300000,0x00000000ec600000)
 ParOldGen       total 68608K, used 14122K [0x00000000c0000000, 0x00000000c4300000, 0x00000000eab00000)
  object space 68608K, 20% used [0x00000000c0000000,0x00000000c0dcabd0,0x00000000c4300000)
 Metaspace       used 31649K, committed 32704K, reserved 1114112K
  class space    used 3059K, committed 3520K, reserved 1048576K
}
Event: 4.913 GC heap after
{Heap after GC invocations=12 (full 1):
 PSYoungGen      total 24576K, used 1744K [0x00000000eab00000, 0x00000000ec780000, 0x0000000100000000)
  eden space 22528K, 0% used [0x00000000eab00000,0x00000000eab00000,0x00000000ec100000)
  from space 2048K, 85% used [0x00000000ec300000,0x00000000ec4b4010,0x00000000ec500000)
  to   space 2048K, 0% used [0x00000000ec580000,0x00000000ec580000,0x00000000ec780000)
 ParOldGen       total 68608K, used 16016K [0x00000000c0000000, 0x00000000c4300000, 0x00000000eab00000)
  object space 68608K, 23% used [0x00000000c0000000,0x00000000c0fa4368,0x00000000c4300000)
 Metaspace       used 31649K, committed 32704K, reserved 1114112K
  class space    used 3059K, committed 3520K, reserved 1048576K
}
Event: 5.077 GC heap before
{Heap before GC invocations=13 (full 1):
 PSYoungGen      total 24576K, used 24272K [0x00000000eab00000, 0x00000000ec780000, 0x0000000100000000)
  eden space 22528K, 100% used [0x00000000eab00000,0x00000000ec100000,0x00000000ec100000)
  from space 2048K, 85% used [0x00000000ec300000,0x00000000ec4b4010,0x00000000ec500000)
  to   space 2048K, 0% used [0x00000000ec580000,0x00000000ec580000,0x00000000ec780000)
 ParOldGen       total 68608K, used 16016K [0x00000000c0000000, 0x00000000c4300000, 0x00000000eab00000)
  object space 68608K, 23% used [0x00000000c0000000,0x00000000c0fa4380,0x00000000c4300000)
 Metaspace       used 33920K, committed 35008K, reserved 1114112K
  class space    used 3306K, committed 3840K, reserved 1048576K
}
Event: 5.082 GC heap after
{Heap after GC invocations=13 (full 1):
 PSYoungGen      total 24576K, used 2027K [0x00000000eab00000, 0x00000000ec780000, 0x0000000100000000)
  eden space 22528K, 0% used [0x00000000eab00000,0x00000000eab00000,0x00000000ec100000)
  from space 2048K, 99% used [0x00000000ec580000,0x00000000ec77af10,0x00000000ec780000)
  to   space 2560K, 0% used [0x00000000ec280000,0x00000000ec280000,0x00000000ec500000)
 ParOldGen       total 68608K, used 17530K [0x00000000c0000000, 0x00000000c4300000, 0x00000000eab00000)
  object space 68608K, 25% used [0x00000000c0000000,0x00000000c111e840,0x00000000c4300000)
 Metaspace       used 33920K, committed 35008K, reserved 1114112K
  class space    used 3306K, committed 3840K, reserved 1048576K
}
Event: 5.146 GC heap before
{Heap before GC invocations=14 (full 1):
 PSYoungGen      total 24576K, used 19525K [0x00000000eab00000, 0x00000000ec780000, 0x0000000100000000)
  eden space 22528K, 77% used [0x00000000eab00000,0x00000000ebc166a0,0x00000000ec100000)
  from space 2048K, 99% used [0x00000000ec580000,0x00000000ec77af10,0x00000000ec780000)
  to   space 2560K, 0% used [0x00000000ec280000,0x00000000ec280000,0x00000000ec500000)
 ParOldGen       total 68608K, used 17530K [0x00000000c0000000, 0x00000000c4300000, 0x00000000eab00000)
  object space 68608K, 25% used [0x00000000c0000000,0x00000000c111e840,0x00000000c4300000)
 Metaspace       used 34778K, committed 35904K, reserved 1114112K
  class space    used 3410K, committed 3904K, reserved 1048576K
}
Event: 5.149 GC heap after
{Heap after GC invocations=14 (full 1):
 PSYoungGen      total 24064K, used 1408K [0x00000000eab00000, 0x00000000ec600000, 0x0000000100000000)
  eden space 22528K, 0% used [0x00000000eab00000,0x00000000eab00000,0x00000000ec100000)
  from space 1536K, 91% used [0x00000000ec280000,0x00000000ec3e0010,0x00000000ec400000)
  to   space 2048K, 0% used [0x00000000ec400000,0x00000000ec400000,0x00000000ec600000)
 ParOldGen       total 68608K, used 19375K [0x00000000c0000000, 0x00000000c4300000, 0x00000000eab00000)
  object space 68608K, 28% used [0x00000000c0000000,0x00000000c12ebcf0,0x00000000c4300000)
 Metaspace       used 34778K, committed 35904K, reserved 1114112K
  class space    used 3410K, committed 3904K, reserved 1048576K
}
Event: 5.185 GC heap before
{Heap before GC invocations=15 (full 1):
 PSYoungGen      total 24064K, used 11641K [0x00000000eab00000, 0x00000000ec600000, 0x0000000100000000)
  eden space 22528K, 45% used [0x00000000eab00000,0x00000000eb4fe3f8,0x00000000ec100000)
  from space 1536K, 91% used [0x00000000ec280000,0x00000000ec3e0010,0x00000000ec400000)
  to   space 2048K, 0% used [0x00000000ec400000,0x00000000ec400000,0x00000000ec600000)
 ParOldGen       total 68608K, used 19375K [0x00000000c0000000, 0x00000000c4300000, 0x00000000eab00000)
  object space 68608K, 28% used [0x00000000c0000000,0x00000000c12ebcf0,0x00000000c4300000)
 Metaspace       used 35041K, committed 36160K, reserved 1114112K
  class space    used 3448K, committed 3968K, reserved 1048576K
}
Event: 5.187 GC heap after
{Heap after GC invocations=15 (full 1):
 PSYoungGen      total 23552K, used 896K [0x00000000eab00000, 0x00000000ec500000, 0x0000000100000000)
  eden space 22528K, 0% used [0x00000000eab00000,0x00000000eab00000,0x00000000ec100000)
  from space 1024K, 87% used [0x00000000ec400000,0x00000000ec4e0000,0x00000000ec500000)
  to   space 1536K, 0% used [0x00000000ec200000,0x00000000ec200000,0x00000000ec380000)
 ParOldGen       total 68608K, used 20543K [0x00000000c0000000, 0x00000000c4300000, 0x00000000eab00000)
  object space 68608K, 29% used [0x00000000c0000000,0x00000000c140fd00,0x00000000c4300000)
 Metaspace       used 35041K, committed 36160K, reserved 1114112K
  class space    used 3448K, committed 3968K, reserved 1048576K
}
Event: 5.187 GC heap before
{Heap before GC invocations=16 (full 2):
 PSYoungGen      total 23552K, used 896K [0x00000000eab00000, 0x00000000ec500000, 0x0000000100000000)
  eden space 22528K, 0% used [0x00000000eab00000,0x00000000eab00000,0x00000000ec100000)
  from space 1024K, 87% used [0x00000000ec400000,0x00000000ec4e0000,0x00000000ec500000)
  to   space 1536K, 0% used [0x00000000ec200000,0x00000000ec200000,0x00000000ec380000)
 ParOldGen       total 68608K, used 20543K [0x00000000c0000000, 0x00000000c4300000, 0x00000000eab00000)
  object space 68608K, 29% used [0x00000000c0000000,0x00000000c140fd00,0x00000000c4300000)
 Metaspace       used 35041K, committed 36160K, reserved 1114112K
  class space    used 3448K, committed 3968K, reserved 1048576K
}
Event: 5.232 GC heap after
{Heap after GC invocations=16 (full 2):
 PSYoungGen      total 23552K, used 0K [0x00000000eab00000, 0x00000000ec500000, 0x0000000100000000)
  eden space 22528K, 0% used [0x00000000eab00000,0x00000000eab00000,0x00000000ec100000)
  from space 1024K, 0% used [0x00000000ec400000,0x00000000ec400000,0x00000000ec500000)
  to   space 1536K, 0% used [0x00000000ec200000,0x00000000ec200000,0x00000000ec380000)
 ParOldGen       total 68608K, used 20655K [0x00000000c0000000, 0x00000000c4300000, 0x00000000eab00000)
  object space 68608K, 30% used [0x00000000c0000000,0x00000000c142bd90,0x00000000c4300000)
 Metaspace       used 35041K, committed 36160K, reserved 1114112K
  class space    used 3448K, committed 3968K, reserved 1048576K
}

